2018-04-11 23:05:23,239 - [INFO] - observer_frontend: Someone did visit homepage.
2018-04-11 23:09:34 - [INFO] - observer_frontend: Someone did visit homepage.
2018-04-11 23:14:58 - [INFO] - observer_frontend: Someone did visit homepage.
2018-04-13 11:40:48 - [INFO] - user_configs.configloader: Could not retrieve configurations of user User.
2018-04-13 11:40:48 - [INFO] - user_configs.configloader: Could not retrieve configurations of user User.
2018-04-13 12:02:24 - [INFO] - observer_frontend: Masud successfully logged in.
2018-04-13 12:08:43 - [INFO] - observer_frontend: Masud has been logged out.
2018-04-13 12:25:42 - [INFO] - observer_frontend: testUser successfully logged in.
2018-04-13 12:26:26 - [INFO] - request_maker: Could not register GIT_COMMIT for scab-oberserver-hive.
2018-04-13 12:26:33 - [INFO] - request_maker: Could not register GIT_COMMIT for Observerhive.
2018-04-13 12:26:33 - [INFO] - observer_frontend: Made no changes for user testUser.
2018-04-13 13:08:05 - [INFO] - user_configs.configloader: Could not retrieve configurations of user testUser.
2018-04-13 13:20:39 - [INFO] - observer_frontend: testUser successfully logged in.
2018-04-13 13:20:53 - [INFO] - observer_frontend: testUser has been logged out.
2018-04-13 14:10:45 - [INFO] - observer_frontend: testUser successfully logged in.
2018-04-13 14:17:50 - [INFO] - observer_frontend: testUser has been logged out.
2018-04-13 14:26:27 - [INFO] - observer_frontend: testUser successfully logged in.
2018-04-13 14:30:54 - [INFO] - observer_frontend: testUser has been logged out.
2018-04-13 14:32:51 - [INFO] - observer_frontend: testUser successfully logged in.
2018-04-13 14:47:01 - [INFO] - observer_frontend: testUser has been logged out.
2018-04-13 17:13:29 - [INFO] - observer_frontend: testUser successfully logged in.
2018-04-13 17:14:02 - [INFO] - observer_frontend: testUser has been logged out.
2018-04-13 17:16:50 - [INFO] - observer_frontend: testUser successfully logged in.
2018-04-13 17:17:10 - [INFO] - observer_frontend: testUser has been logged out.
2018-04-13 17:56:40 - [INFO] - observer_frontend: testUser successfully logged in.
2018-04-13 17:57:12 - [INFO] - observer_frontend: testUser has been logged out.
2018-04-13 17:58:03 - [INFO] - observer_frontend: testUser successfully logged in.
2018-04-13 22:09:49 - [INFO] - observer_frontend: testUser has been logged out.
[2018-06-07 16:10:29 +0200] [34468] [INFO] - src: Activated messages for user Masud.
[2018-06-07 16:10:29 +0200] [34468] [INFO] - src: Activated messages for user Masud.
[2018-06-07 16:22:53 +0200] [40368] [INFO] - src: Activated messages for user Masud.
[2018-06-07 16:22:53 +0200] [40368] [INFO] - src: Activated messages for user Masud.
[2018-06-07 16:33:27 +0200] [29224] [INFO] - src: Activated messages for user Masud.
[2018-06-07 16:33:27 +0200] [29224] [INFO] - src: Activated messages for user Masud.
[2018-06-07 16:33:37 +0200] [29224] [INFO] - src: Deactivated messages for user Masud.
[2018-06-07 16:33:37 +0200] [29224] [INFO] - src: Deactivated messages for user Masud.
[2018-06-07 16:34:30 +0200] [39432] [INFO] - src: Activated messages for user Masud.
[2018-06-07 16:34:30 +0200] [39432] [INFO] - src: Activated messages for user Masud.
[2018-06-07 16:35:59 +0200] [31176] [INFO] - src: Activated messages for user Masud.
[2018-06-07 16:35:59 +0200] [31176] [INFO] - src: Activated messages for user Masud.
